# JRE version: Java(TM) SE Runtime Environment (8.0_40-b26) (build 1.8.0_40-b26)
# Java VM: Java HotSpot(TM) 64-Bit Server VM (25.40-b25 mixed mode windows-amd64 compressed oops)
Heap:
 PSYoungGen      total 596992K, used 252109K [0x000000076ad80000, 0x00000007bf700000, 0x00000007c0000000)
  eden space 465408K, 25% used [0x000000076ad80000,0x00000007723ab738,0x0000000787400000)
  from space 131584K, 99% used [0x0000000787400000,0x000000078f408000,0x000000078f480000)
  to   space 460288K, 0% used [0x00000007a3580000,0x00000007a3580000,0x00000007bf700000)
 ParOldGen       total 2712064K, used 2050189K [0x00000006c0800000, 0x0000000766080000, 0x000000076ad80000)
  object space 2712064K, 75% used [0x00000006c0800000,0x000000073da237d8,0x0000000766080000)
 Metaspace       used 6722K, capacity 6936K, committed 7040K, reserved 1056768K
  class space    used 739K, capacity 800K, committed 896K, reserved 1048576K
GC Heap History (10 events):
Event: 107.083 GC heap before
{Heap before GC invocations=27 (full 5):
 PSYoungGen      total 922624K, used 869128K [0x000000076ad80000, 0x00000007c0000000, 0x00000007c0000000)
  eden space 467456K, 100% used [0x000000076ad80000,0x0000000787600000,0x0000000787600000)
  from space 455168K, 88% used [0x0000000787600000,0x000000079fe423f0,0x00000007a3280000)
  to   space 464896K, 0% used [0x00000007a3a00000,0x00000007a3a00000,0x00000007c0000000)
 ParOldGen       total 1908736K, used 1302866K [0x00000006c0800000, 0x0000000735000000, 0x000000076ad80000)
  object space 1908736K, 68% used [0x00000006c0800000,0x0000000710054a78,0x0000000735000000)
 Metaspace       used 6722K, capacity 6936K, committed 7040K, reserved 1056768K
  class space    used 739K, capacity 800K, committed 896K, reserved 1048576K
Event: 107.459 GC heap after
Heap after GC invocations=27 (full 5):
 PSYoungGen      total 930304K, used 278088K [0x000000076ad80000, 0x00000007c0000000, 0x00000007c0000000)
  eden space 465408K, 0% used [0x000000076ad80000,0x000000076ad80000,0x0000000787400000)
  from space 464896K, 59% used [0x00000007a3a00000,0x00000007b49923f0,0x00000007c0000000)
  to   space 464896K, 0% used [0x0000000787400000,0x0000000787400000,0x00000007a3a00000)
 ParOldGen       total 1908736K, used 1553490K [0x00000006c0800000, 0x0000000735000000, 0x000000076ad80000)
  object space 1908736K, 81% used [0x00000006c0800000,0x000000071f514a78,0x0000000735000000)
 Metaspace       used 6722K, capacity 6936K, committed 7040K, reserved 1056768K
  class space    used 739K, capacity 800K, committed 896K, reserved 1048576K
}
Event: 111.089 GC heap before
{Heap before GC invocations=28 (full 5):
 PSYoungGen      total 930304K, used 743496K [0x000000076ad80000, 0x00000007c0000000, 0x00000007c0000000)
  eden space 465408K, 100% used [0x000000076ad80000,0x0000000787400000,0x0000000787400000)
  from space 464896K, 59% used [0x00000007a3a00000,0x00000007b49923f0,0x00000007c0000000)
  to   space 464896K, 0% used [0x0000000787400000,0x0000000787400000,0x00000007a3a00000)
 ParOldGen       total 1908736K, used 1553490K [0x00000006c0800000, 0x0000000735000000, 0x000000076ad80000)
  object space 1908736K, 81% used [0x00000006c0800000,0x000000071f514a78,0x0000000735000000)
 Metaspace       used 6722K, capacity 6936K, committed 7040K, reserved 1056768K
  class space    used 739K, capacity 800K, committed 896K, reserved 1048576K
Event: 111.566 GC heap after
Heap after GC invocations=28 (full 5):
 PSYoungGen      total 930304K, used 129760K [0x000000076ad80000, 0x00000007c0000000, 0x00000007c0000000)
  eden space 465408K, 0% used [0x000000076ad80000,0x000000076ad80000,0x0000000787400000)
  from space 464896K, 27% used [0x0000000787400000,0x000000078f2b8000,0x00000007a3a00000)
  to   space 464896K, 0% used [0x00000007a3a00000,0x00000007a3a00000,0x00000007c0000000)
 ParOldGen       total 1908736K, used 1828123K [0x00000006c0800000, 0x0000000735000000, 0x000000076ad80000)
  object space 1908736K, 95% used [0x00000006c0800000,0x0000000730146e68,0x0000000735000000)
 Metaspace       used 6722K, capacity 6936K, committed 7040K, reserved 1056768K
  class space    used 739K, capacity 800K, committed 896K, reserved 1048576K
}
Event: 111.566 GC heap before
{Heap before GC invocations=29 (full 6):
 PSYoungGen      total 930304K, used 129760K [0x000000076ad80000, 0x00000007c0000000, 0x00000007c0000000)
  eden space 465408K, 0% used [0x000000076ad80000,0x000000076ad80000,0x0000000787400000)
  from space 464896K, 27% used [0x0000000787400000,0x000000078f2b8000,0x00000007a3a00000)
  to   space 464896K, 0% used [0x00000007a3a00000,0x00000007a3a00000,0x00000007c0000000)
 ParOldGen       total 1908736K, used 1828123K [0x00000006c0800000, 0x0000000735000000, 0x000000076ad80000)
  object space 1908736K, 95% used [0x00000006c0800000,0x0000000730146e68,0x0000000735000000)
 Metaspace       used 6722K, capacity 6936K, committed 7040K, reserved 1056768K
  class space    used 739K, capacity 800K, committed 896K, reserved 1048576K
Event: 115.730 GC heap after
Heap after GC invocations=29 (full 6):
 PSYoungGen      total 930304K, used 15463K [0x000000076ad80000, 0x00000007c0000000, 0x00000007c0000000)
  eden space 465408K, 0% used [0x000000076ad80000,0x000000076ad80000,0x0000000787400000)
  from space 464896K, 3% used [0x0000000787400000,0x0000000788319f88,0x00000007a3a00000)
  to   space 464896K, 0% used [0x00000007a3a00000,0x00000007a3a00000,0x00000007c0000000)
 ParOldGen       total 2712064K, used 1908245K [0x00000006c0800000, 0x0000000766080000, 0x000000076ad80000)
  object space 2712064K, 70% used [0x00000006c0800000,0x0000000734f857d8,0x0000000766080000)
 Metaspace       used 6722K, capacity 6936K, committed 7040K, reserved 1056768K
  class space    used 739K, capacity 800K, committed 896K, reserved 1048576K
}
Event: 119.625 GC heap before
{Heap before GC invocations=30 (full 6):
 PSYoungGen      total 930304K, used 480871K [0x000000076ad80000, 0x00000007c0000000, 0x00000007c0000000)
  eden space 465408K, 100% used [0x000000076ad80000,0x0000000787400000,0x0000000787400000)
  from space 464896K, 3% used [0x0000000787400000,0x0000000788319f88,0x00000007a3a00000)
  to   space 464896K, 0% used [0x00000007a3a00000,0x00000007a3a00000,0x00000007c0000000)
 ParOldGen       total 2712064K, used 1908245K [0x00000006c0800000, 0x0000000766080000, 0x000000076ad80000)
  object space 2712064K, 70% used [0x00000006c0800000,0x0000000734f857d8,0x0000000766080000)
 Metaspace       used 6722K, capacity 6936K, committed 7040K, reserved 1056768K
  class space    used 739K, capacity 800K, committed 896K, reserved 1048576K
Event: 119.942 GC heap after
Heap after GC invocations=30 (full 6):
 PSYoungGen      total 930304K, used 131392K [0x000000076ad80000, 0x00000007c0000000, 0x00000007c0000000)
  eden space 465408K, 0% used [0x000000076ad80000,0x000000076ad80000,0x0000000787400000)
  from space 464896K, 28% used [0x00000007a3a00000,0x00000007aba50000,0x00000007c0000000)
  to   space 464896K, 0% used [0x0000000787400000,0x0000000787400000,0x00000007a3a00000)
 ParOldGen       total 2712064K, used 1921581K [0x00000006c0800000, 0x0000000766080000, 0x000000076ad80000)
  object space 2712064K, 70% used [0x00000006c0800000,0x0000000735c8b7d8,0x0000000766080000)
 Metaspace       used 6722K, capacity 6936K, committed 7040K, reserved 1056768K
  class space    used 739K, capacity 800K, committed 896K, reserved 1048576K
}
Event: 123.760 GC heap before
{Heap before GC invocations=31 (full 6):
 PSYoungGen      total 930304K, used 596800K [0x000000076ad80000, 0x00000007c0000000, 0x00000007c0000000)
  eden space 465408K, 100% used [0x000000076ad80000,0x0000000787400000,0x0000000787400000)
  from space 464896K, 28% used [0x00000007a3a00000,0x00000007aba50000,0x00000007c0000000)
  to   space 464896K, 0% used [0x0000000787400000,0x0000000787400000,0x00000007a3a00000)
 ParOldGen       total 2712064K, used 1921581K [0x00000006c0800000, 0x0000000766080000, 0x000000076ad80000)
  object space 2712064K, 70% used [0x00000006c0800000,0x0000000735c8b7d8,0x0000000766080000)
 Metaspace       used 6722K, capacity 6936K, committed 7040K, reserved 1056768K
  class space    used 739K, capacity 800K, committed 896K, reserved 1048576K
Event: 124.029 GC heap after
Heap after GC invocations=31 (full 6):
 PSYoungGen      total 596992K, used 131104K [0x000000076ad80000, 0x00000007bf700000, 0x00000007c0000000)
  eden space 465408K, 0% used [0x000000076ad80000,0x000000076ad80000,0x0000000787400000)
  from space 131584K, 99% used [0x0000000787400000,0x000000078f408000,0x000000078f480000)
  to   space 460288K, 0% used [0x00000007a3580000,0x00000007a3580000,0x00000007bf700000)
 ParOldGen       total 2712064K, used 2050189K [0x00000006c0800000, 0x0000000766080000, 0x000000076ad80000)
  object space 2712064K, 75% used [0x00000006c0800000,0x000000073da237d8,0x0000000766080000)
 Metaspace       used 6722K, capacity 6936K, committed 7040K, reserved 1056768K
  class space    used 739K, capacity 800K, committed 896K, reserved 1048576K
}

